2023-06-01 14:14:16,813 [Worker-5: Loading available Gradle versions] INFO  o.e.b.c.i.u.g.PublishedGradleVersions - Gradle version information cache is out-of-date. Trying to update.
2023-06-01 14:14:41,456 [Worker-4: Importing Maven projects] INFO  o.e.m.c.i.l.LifecycleMappingFactory - Using org.eclipse.m2e.jdt.JarLifecycleMapping lifecycle mapping for MavenProject: com.hotelmanagement:hotel-management-system:0.0.1-SNAPSHOT @ C:\Users\satya\OneDrive\Desktop\HMS2\hotel-management-system\pom.xml.
2023-06-01 14:14:44,639 [Worker-4: Importing Maven projects] INFO  o.e.m.j.i.AbstractJavaProjectConfigurator - Adding source folder /hotel-management-system/src/main/java
2023-06-01 14:14:44,641 [Worker-4: Importing Maven projects] INFO  o.e.m.j.i.AbstractJavaProjectConfigurator - Adding resource folder /hotel-management-system/src/main/resources
2023-06-01 14:14:44,646 [Worker-4: Importing Maven projects] INFO  o.e.m.j.i.AbstractJavaProjectConfigurator - Adding resource folder /hotel-management-system/src/main/resources
2023-06-01 14:14:44,648 [Worker-4: Importing Maven projects] INFO  o.e.m.j.i.AbstractJavaProjectConfigurator - Adding source folder /hotel-management-system/src/test/java
2023-06-01 14:14:45,566 [Worker-4: Importing Maven projects] INFO  o.e.m.c.i.p.ProjectConfigurationManager - Imported and configured 1 project(s) in 7 sec
2023-06-01 14:14:49,945 [Worker-1: Building] INFO  o.e.m.c.i.embedder.EclipseLogger - Using 'UTF-8' encoding to copy filtered resources.
2023-06-01 14:14:49,962 [Worker-1: Building] INFO  o.e.m.c.i.embedder.EclipseLogger - Copying 1 resource
2023-06-01 14:14:50,000 [Worker-1: Building] INFO  o.e.m.c.i.embedder.EclipseLogger - Copying 1 resource
2023-06-01 14:14:50,031 [Worker-1: Building] INFO  o.e.m.c.i.embedder.EclipseLogger - Using 'UTF-8' encoding to copy filtered resources.
2023-06-01 14:14:50,032 [Worker-1: Building] INFO  o.e.m.c.i.embedder.EclipseLogger - skip non existing resourceDirectory C:\Users\satya\OneDrive\Desktop\HMS2\hotel-management-system\src\test\resources
2023-06-01 14:16:53,589 [Worker-9: Building] INFO  o.e.m.c.i.embedder.EclipseLogger - Using 'UTF-8' encoding to copy filtered resources.
2023-06-01 14:16:53,595 [Worker-9: Building] INFO  o.e.m.c.i.embedder.EclipseLogger - Copying 1 resource
2023-06-01 14:16:53,599 [Worker-9: Building] INFO  o.e.m.c.i.embedder.EclipseLogger - Copying 0 resource
2023-06-01 14:16:53,606 [Worker-9: Building] INFO  o.e.m.c.i.embedder.EclipseLogger - Using 'UTF-8' encoding to copy filtered resources.
2023-06-01 14:16:53,606 [Worker-9: Building] INFO  o.e.m.c.i.embedder.EclipseLogger - skip non existing resourceDirectory C:\Users\satya\OneDrive\Desktop\HMS2\hotel-management-system\src\test\resources
2023-06-01 14:18:08,396 [Worker-7: Building] INFO  o.e.m.c.i.embedder.EclipseLogger - Using 'UTF-8' encoding to copy filtered resources.
2023-06-01 14:18:08,397 [Worker-7: Building] INFO  o.e.m.c.i.embedder.EclipseLogger - Copying 1 resource
2023-06-01 14:18:08,398 [Worker-7: Building] INFO  o.e.m.c.i.embedder.EclipseLogger - Copying 0 resource
2023-06-01 14:18:08,401 [Worker-7: Building] INFO  o.e.m.c.i.embedder.EclipseLogger - Using 'UTF-8' encoding to copy filtered resources.
2023-06-01 14:18:08,401 [Worker-7: Building] INFO  o.e.m.c.i.embedder.EclipseLogger - skip non existing resourceDirectory C:\Users\satya\OneDrive\Desktop\HMS2\hotel-management-system\src\test\resources
2023-06-01 14:23:22,792 [Worker-1: Launching hotel-management-system - HotelManagementSystemApplication] INFO  o.e.m.c.i.embedder.EclipseLogger - Using 'UTF-8' encoding to copy filtered resources.
2023-06-01 14:23:22,794 [Worker-1: Launching hotel-management-system - HotelManagementSystemApplication] INFO  o.e.m.c.i.embedder.EclipseLogger - Copying 1 resource
2023-06-01 14:23:22,796 [Worker-1: Launching hotel-management-system - HotelManagementSystemApplication] INFO  o.e.m.c.i.embedder.EclipseLogger - Copying 0 resource
2023-06-01 14:23:22,803 [Worker-1: Launching hotel-management-system - HotelManagementSystemApplication] INFO  o.e.m.c.i.embedder.EclipseLogger - Using 'UTF-8' encoding to copy filtered resources.
2023-06-01 14:23:22,804 [Worker-1: Launching hotel-management-system - HotelManagementSystemApplication] INFO  o.e.m.c.i.embedder.EclipseLogger - skip non existing resourceDirectory C:\Users\satya\OneDrive\Desktop\HMS2\hotel-management-system\src\test\resources
2023-06-01 14:24:19,029 [Worker-9: Launching hotel-management-system - HotelManagementSystemApplication] INFO  o.e.m.c.i.embedder.EclipseLogger - Using 'UTF-8' encoding to copy filtered resources.
2023-06-01 14:24:19,031 [Worker-9: Launching hotel-management-system - HotelManagementSystemApplication] INFO  o.e.m.c.i.embedder.EclipseLogger - Copying 1 resource
2023-06-01 14:24:19,034 [Worker-9: Launching hotel-management-system - HotelManagementSystemApplication] INFO  o.e.m.c.i.embedder.EclipseLogger - Copying 0 resource
2023-06-01 14:24:19,042 [Worker-9: Launching hotel-management-system - HotelManagementSystemApplication] INFO  o.e.m.c.i.embedder.EclipseLogger - Using 'UTF-8' encoding to copy filtered resources.
2023-06-01 14:24:19,043 [Worker-9: Launching hotel-management-system - HotelManagementSystemApplication] INFO  o.e.m.c.i.embedder.EclipseLogger - skip non existing resourceDirectory C:\Users\satya\OneDrive\Desktop\HMS2\hotel-management-system\src\test\resources
2023-06-03 12:33:16,472 [Worker-4: Loading available Gradle versions] INFO  o.e.b.c.i.u.g.PublishedGradleVersions - Gradle version information cache is up-to-date. Trying to read.
2023-06-03 13:59:23,442 [Worker-29: Building] INFO  o.e.m.c.i.embedder.EclipseLogger - Using 'UTF-8' encoding to copy filtered resources.
2023-06-03 13:59:23,452 [Worker-29: Building] INFO  o.e.m.c.i.embedder.EclipseLogger - Copying 1 resource
2023-06-03 13:59:23,471 [Worker-29: Building] INFO  o.e.m.c.i.embedder.EclipseLogger - Copying 1 resource
2023-06-03 13:59:23,479 [Worker-29: Building] INFO  o.e.m.c.i.embedder.EclipseLogger - Using 'UTF-8' encoding to copy filtered resources.
2023-06-03 13:59:23,479 [Worker-29: Building] INFO  o.e.m.c.i.embedder.EclipseLogger - skip non existing resourceDirectory C:\Users\satya\OneDrive\Desktop\HMS2\hotel-management-system\src\test\resources
2023-06-03 14:00:13,660 [Worker-31: Building] INFO  o.e.m.c.i.embedder.EclipseLogger - Using 'UTF-8' encoding to copy filtered resources.
2023-06-03 14:00:13,666 [Worker-31: Building] INFO  o.e.m.c.i.embedder.EclipseLogger - Copying 1 resource
2023-06-03 14:00:13,670 [Worker-31: Building] INFO  o.e.m.c.i.embedder.EclipseLogger - Copying 1 resource
2023-06-03 14:00:13,677 [Worker-31: Building] INFO  o.e.m.c.i.embedder.EclipseLogger - Using 'UTF-8' encoding to copy filtered resources.
2023-06-03 14:00:13,677 [Worker-31: Building] INFO  o.e.m.c.i.embedder.EclipseLogger - skip non existing resourceDirectory C:\Users\satya\OneDrive\Desktop\HMS2\hotel-management-system\src\test\resources
2023-06-03 14:08:10,877 [Worker-33: Building] INFO  o.e.m.c.i.embedder.EclipseLogger - Using 'UTF-8' encoding to copy filtered resources.
2023-06-03 14:08:10,879 [Worker-33: Building] INFO  o.e.m.c.i.embedder.EclipseLogger - Copying 1 resource
2023-06-03 14:08:10,881 [Worker-33: Building] INFO  o.e.m.c.i.embedder.EclipseLogger - Copying 1 resource
2023-06-03 14:08:10,886 [Worker-33: Building] INFO  o.e.m.c.i.embedder.EclipseLogger - Using 'UTF-8' encoding to copy filtered resources.
2023-06-03 14:08:10,887 [Worker-33: Building] INFO  o.e.m.c.i.embedder.EclipseLogger - skip non existing resourceDirectory C:\Users\satya\OneDrive\Desktop\HMS2\hotel-management-system\src\test\resources
2023-06-03 14:37:37,453 [Worker-46: Launching hotel-management-system - HotelManagementSystemApplication] INFO  o.e.m.c.i.embedder.EclipseLogger - Using 'UTF-8' encoding to copy filtered resources.
2023-06-03 14:37:37,456 [Worker-46: Launching hotel-management-system - HotelManagementSystemApplication] INFO  o.e.m.c.i.embedder.EclipseLogger - Copying 1 resource
2023-06-03 14:37:37,460 [Worker-46: Launching hotel-management-system - HotelManagementSystemApplication] INFO  o.e.m.c.i.embedder.EclipseLogger - Copying 1 resource
2023-06-03 14:37:37,469 [Worker-46: Launching hotel-management-system - HotelManagementSystemApplication] INFO  o.e.m.c.i.embedder.EclipseLogger - Using 'UTF-8' encoding to copy filtered resources.
2023-06-03 14:37:37,470 [Worker-46: Launching hotel-management-system - HotelManagementSystemApplication] INFO  o.e.m.c.i.embedder.EclipseLogger - skip non existing resourceDirectory C:\Users\satya\OneDrive\Desktop\HMS2\hotel-management-system\src\test\resources
2023-06-03 14:39:40,473 [Worker-48: Building] INFO  o.e.m.c.i.embedder.EclipseLogger - Using 'UTF-8' encoding to copy filtered resources.
2023-06-03 14:39:40,474 [Worker-48: Building] INFO  o.e.m.c.i.embedder.EclipseLogger - Copying 1 resource
2023-06-03 14:39:40,479 [Worker-48: Building] INFO  o.e.m.c.i.embedder.EclipseLogger - Copying 1 resource
2023-06-03 14:39:40,488 [Worker-48: Building] INFO  o.e.m.c.i.embedder.EclipseLogger - Using 'UTF-8' encoding to copy filtered resources.
2023-06-03 14:39:40,489 [Worker-48: Building] INFO  o.e.m.c.i.embedder.EclipseLogger - skip non existing resourceDirectory C:\Users\satya\OneDrive\Desktop\HMS2\hotel-management-system\src\test\resources
